<?xml version="1.0" encoding="UTF-8"?>
<!-- Generated by org.testng.reporters.JUnitXMLReporter -->
<testsuite ignored="0" hostname="Salamo" failures="0" tests="3" name="TestNg Runner Class" time="9.63" errors="0" timestamp="17 Jan 2023 00:26:28 GMT">
  <testcase classname="TestNGRunner.TestNgClass1" name="ClickOnMenu" time="0.067"/>
  <testcase classname="TestNGRunner.TestNgClass1" name="ClickOnMenu" time="0.052"/>
  <testcase classname="TestNGRunner.TestNgClass1" name="ClickOnMenu" time="0.058"/>
</testsuite> <!-- TestNg Runner Class -->
