<?xml version="1.0" encoding="UTF-8"?>
<testng-results ignored="0" total="3" passed="3" failed="0" skipped="0">
  <reporter-output>
  </reporter-output>
  <suite started-at="2023-01-17T00:26:18Z" name="Smoke Testing" finished-at="2023-01-17T00:26:28Z" duration-ms="9630">
    <groups>
    </groups>
    <test started-at="2023-01-17T00:26:18Z" name="TestNg Runner Class" finished-at="2023-01-17T00:26:28Z" duration-ms="9630">
      <class name="TestNGRunner.TestNgClass1">
        <test-method is-config="true" signature="BeforeSuite()[pri:0, instance:TestNGRunner.TestNgClass1@2ef3eef9]" started-at="2023-01-17T00:26:18Z" name="BeforeSuite" finished-at="2023-01-17T00:26:18Z" duration-ms="10" status="PASS">
          <reporter-output>
          </reporter-output>
        </test-method> <!-- BeforeSuite -->
        <test-method is-config="true" signature="setUp(java.lang.String)[pri:0, instance:TestNGRunner.TestNgClass1@2ef3eef9]" started-at="2023-01-17T00:26:18Z" name="setUp" finished-at="2023-01-17T00:26:21Z" duration-ms="3061" status="PASS">
          <params>
            <param index="0">
              <value>
                <![CDATA[chrome]]>
              </value>
            </param>
          </params>
          <reporter-output>
          </reporter-output>
        </test-method> <!-- setUp -->
        <test-method signature="ClickOnMenu()[pri:0, instance:TestNGRunner.TestNgClass1@2ef3eef9]" started-at="2023-01-17T00:26:21Z" name="ClickOnMenu" finished-at="2023-01-17T00:26:21Z" duration-ms="67" status="PASS">
          <reporter-output>
          </reporter-output>
        </test-method> <!-- ClickOnMenu -->
        <test-method is-config="true" signature="tearDown(org.testng.ITestResult)[pri:0, instance:TestNGRunner.TestNgClass1@2ef3eef9]" started-at="2023-01-17T00:26:21Z" name="tearDown" finished-at="2023-01-17T00:26:22Z" duration-ms="1111" status="PASS">
          <params>
            <param index="0">
              <value>
                <![CDATA[[TestResult name=ClickOnMenu status=SUCCESS method=TestNgClass1.ClickOnMenu()[pri:0, instance:TestNGRunner.TestNgClass1@2ef3eef9] output={null}]]]>
              </value>
            </param>
          </params>
          <reporter-output>
          </reporter-output>
        </test-method> <!-- tearDown -->
        <test-method is-config="true" signature="setUp(java.lang.String)[pri:0, instance:TestNGRunner.TestNgClass1@2ef3eef9]" started-at="2023-01-17T00:26:22Z" name="setUp" finished-at="2023-01-17T00:26:24Z" duration-ms="1456" status="PASS">
          <params>
            <param index="0">
              <value>
                <![CDATA[chrome]]>
              </value>
            </param>
          </params>
          <reporter-output>
          </reporter-output>
        </test-method> <!-- setUp -->
        <test-method signature="ClickOnMenu()[pri:0, instance:TestNGRunner.TestNgClass1@2ef3eef9]" started-at="2023-01-17T00:26:24Z" name="ClickOnMenu" finished-at="2023-01-17T00:26:24Z" duration-ms="52" status="PASS">
          <reporter-output>
          </reporter-output>
        </test-method> <!-- ClickOnMenu -->
        <test-method is-config="true" signature="tearDown(org.testng.ITestResult)[pri:0, instance:TestNGRunner.TestNgClass1@2ef3eef9]" started-at="2023-01-17T00:26:24Z" name="tearDown" finished-at="2023-01-17T00:26:25Z" duration-ms="1106" status="PASS">
          <params>
            <param index="0">
              <value>
                <![CDATA[[TestResult name=ClickOnMenu status=SUCCESS method=TestNgClass1.ClickOnMenu()[pri:0, instance:TestNGRunner.TestNgClass1@2ef3eef9] output={null}]]]>
              </value>
            </param>
          </params>
          <reporter-output>
          </reporter-output>
        </test-method> <!-- tearDown -->
        <test-method is-config="true" signature="setUp(java.lang.String)[pri:0, instance:TestNGRunner.TestNgClass1@2ef3eef9]" started-at="2023-01-17T00:26:25Z" name="setUp" finished-at="2023-01-17T00:26:26Z" duration-ms="1585" status="PASS">
          <params>
            <param index="0">
              <value>
                <![CDATA[chrome]]>
              </value>
            </param>
          </params>
          <reporter-output>
          </reporter-output>
        </test-method> <!-- setUp -->
        <test-method signature="ClickOnMenu()[pri:0, instance:TestNGRunner.TestNgClass1@2ef3eef9]" started-at="2023-01-17T00:26:26Z" name="ClickOnMenu" finished-at="2023-01-17T00:26:26Z" duration-ms="58" status="PASS">
          <reporter-output>
          </reporter-output>
        </test-method> <!-- ClickOnMenu -->
        <test-method is-config="true" signature="tearDown(org.testng.ITestResult)[pri:0, instance:TestNGRunner.TestNgClass1@2ef3eef9]" started-at="2023-01-17T00:26:26Z" name="tearDown" finished-at="2023-01-17T00:26:28Z" duration-ms="1117" status="PASS">
          <params>
            <param index="0">
              <value>
                <![CDATA[[TestResult name=ClickOnMenu status=SUCCESS method=TestNgClass1.ClickOnMenu()[pri:0, instance:TestNGRunner.TestNgClass1@2ef3eef9] output={null}]]]>
              </value>
            </param>
          </params>
          <reporter-output>
          </reporter-output>
        </test-method> <!-- tearDown -->
        <test-method is-config="true" signature="AfterSuite()[pri:0, instance:TestNGRunner.TestNgClass1@2ef3eef9]" started-at="2023-01-17T00:26:28Z" name="AfterSuite" finished-at="2023-01-17T00:26:28Z" duration-ms="0" status="PASS">
          <reporter-output>
          </reporter-output>
        </test-method> <!-- AfterSuite -->
      </class> <!-- TestNGRunner.TestNgClass1 -->
    </test> <!-- TestNg Runner Class -->
  </suite> <!-- Smoke Testing -->
</testng-results>
