<?xml version="1.0" encoding="UTF-8"?>
<!-- Generated by org.testng.reporters.JUnitXMLReporter -->
<testsuite ignored="2" hostname="Salamo" failures="0" tests="3" name="Factory Method" time="14.944" errors="0" timestamp="16 Jan 2023 23:39:53 GMT">
  <testcase classname="Factory.Factory1Test" name="ClickOnMenu" time="0.282"/>
  <testcase classname="Factory.Factory1Test" name="MenuDropDown" time="0.288"/>
  <testcase classname="Factory.Factory2Test" name="AddToCart" time="0.346"/>
  <testcase classname="Base.CommonApi" name="@AfterSuite AfterSuite" time="0.0">
    <ignored/>
  </testcase> <!-- @AfterSuite AfterSuite -->
  <testcase classname="Base.CommonApi" name="@BeforeSuite BeforeSuite" time="0.0">
    <ignored/>
  </testcase> <!-- @BeforeSuite BeforeSuite -->
</testsuite> <!-- Factory Method -->
